Start testing: Jun 20 20:45 BST
----------------------------------------------------------
1/1 Testing: armvm-test
1/1 Test: armvm-test
Command: "/Users/jemtucker/Documents/Source/arm-vm/test/armvm-test"
Directory: /Users/jemtucker/Documents/Source/arm-vm/test
"armvm-test" start time: Jun 20 20:45 BST
Output:
----------------------------------------------------------
[==========] Running 37 tests from 5 test cases.
[----------] Global test environment set-up.
[----------] 13 tests from AssemblerTest
[ RUN      ] AssemblerTest.AssemblesStringCommands
<end of output>
Test time =   0.42 sec
----------------------------------------------------------
Test Failed.
"armvm-test" end time: Jun 20 20:45 BST
"armvm-test" time elapsed: 00:00:00
----------------------------------------------------------

End testing: Jun 20 20:45 BST
